<?xml version="1.0" encoding="UTF-8"?>
<!-- Generated by org.testng.reporters.JUnitReportReporter -->
<testsuite hostname="yamini-pc" failures="0" tests="2" name="gps.TestCases.TC_ProfileTest_TC001" time="13.088" errors="0" timestamp="18 Jun 2020 12:46:37 GMT" skipped="0">
  <testcase classname="gps.TestCases.TC_ProfileTest_TC001" name="VerifyEmployeeId" time="6.759"/>
  <testcase classname="gps.TestCases.TC_ProfileTest_TC001" name="GetEmployeeContactInfo" time="6.329"/>
</testsuite> <!-- gps.TestCases.TC_ProfileTest_TC001 -->
