<?xml version="1.0" encoding="UTF-8"?>
<!-- Generated by org.testng.reporters.JUnitReportReporter -->
<testsuite hostname="yamini-pc" failures="0" tests="1" name="gps.TestCases.TC_MessageTest_TC002" time="7.139" errors="0" timestamp="18 Jun 2020 12:46:37 GMT" skipped="0">
  <testcase classname="gps.TestCases.TC_MessageTest_TC002" name="sendMessageToOther" time="7.139"/>
</testsuite> <!-- gps.TestCases.TC_MessageTest_TC002 -->
