<?xml version="1.0" encoding="UTF-8"?>
<!-- Generated by org.testng.reporters.JUnitReportReporter -->
<testsuite hostname="yamini-pc" failures="0" tests="1" name="gps.TestCases.TC_MessageTest_TC003" time="5.894" errors="0" timestamp="09 Jun 2020 06:04:27 GMT" skipped="0">
  <testcase classname="gps.TestCases.TC_MessageTest_TC003" name="ReadMsgFromMsgList" time="5.894"/>
</testsuite> <!-- gps.TestCases.TC_MessageTest_TC003 -->
