<?xml version="1.0" encoding="UTF-8"?>
<!-- Generated by org.testng.reporters.JUnitReportReporter -->
<testsuite hostname="yamini-pc" failures="0" tests="1" name="Demo_framework.Gps.TestMessage" time="14.996" errors="0" timestamp="18 May 2020 08:44:40 GMT" skipped="0">
  <testcase classname="Demo_framework.Gps.TestMessage" name="messageSearch" time="14.996"/>
</testsuite> <!-- Demo_framework.Gps.TestMessage -->
