<?xml version="1.0" encoding="UTF-8"?>
<!-- Generated by org.testng.reporters.JUnitReportReporter -->
<testsuite hostname="yamini-pc" failures="0" tests="1" name="gps.TestCases.TC_LoginTest_TC001" time="13.451" errors="0" timestamp="14 Jun 2020 16:47:42 GMT" skipped="0">
  <testcase classname="gps.TestCases.TC_LoginTest_TC001" name="LoginTest" time="13.451"/>
</testsuite> <!-- gps.TestCases.TC_LoginTest_TC001 -->
